[2024-07-16 19:33:32,922] multiqc                                            [DEBUG  ]  This is MultiQC v1.13
[2024-07-16 19:33:32,929] multiqc                                            [DEBUG  ]  Found command line config: {'max_table_rows': 3000}
[2024-07-16 19:33:32,929] multiqc                                            [DEBUG  ]  New config: {'max_table_rows': 3000}
[2024-07-16 19:33:32,929] multiqc                                            [DEBUG  ]  Command used: /opt/conda/bin/multiqc -v -p -ip -f --data-dir --data-format tsv --cl-config max_table_rows: 3000 --filename fastq_screen_report --outdir fq_fp1_clmp_fp2_fqscrn fq_fp1_clmp_fp2_fqscrn
[2024-07-16 19:33:33,416] multiqc                                            [WARNING]  MultiQC Version v1.23 now available!
[2024-07-16 19:33:33,417] multiqc                                            [DEBUG  ]  Working dir : /archive/carpenterlab/pire/pire_stethojulis_interrupta_lcwgs/1st_sequencing_run
[2024-07-16 19:33:33,417] multiqc                                            [DEBUG  ]  Template    : default
[2024-07-16 19:33:33,417] multiqc                                            [DEBUG  ]  Running Python 3.9.12 (main, Aug 29 2022, 00:54:58)  [GCC 11.2.0]
[2024-07-16 19:33:33,418] multiqc                                            [DEBUG  ]  Analysing modules: custom_content, ccs, ngsderive, purple, conpair, lima, peddy, somalier, methylQA, mosdepth, phantompeakqualtools, qualimap, preseq, quast, qorts, rna_seqc, rockhopper, rsem, rseqc, busco, bustools, goleft_indexcov, gffcompare, disambiguate, supernova, deeptools, sargasso, verifybamid, mirtrace, happy, mirtop, sambamba, homer, hops, macs2, theta2, snpeff, gatk, htseq, bcftools, featureCounts, fgbio, dragen, dedup, pbmarkdup, damageprofiler, biobambam2, jcvi, mtnucratio, picard, vep, sentieon, prokka, qc3C, nanostat, samblaster, samtools, sexdeterrmine, eigenstratdatabasetools, bamtools, jellyfish, vcftools, longranger, stacks, varscan2, snippy, bbmap, bismark, biscuit, hicexplorer, hicup, hicpro, salmon, kallisto, slamdunk, star, hisat2, tophat, bowtie2, bowtie1, snpsplit, odgi, pangolin, kat, leehom, adapterRemoval, clipandmerge, cutadapt, flexbar, kaiju, kraken, malt, trimmomatic, sickle, skewer, sortmerna, biobloomtools, fastq_screen, afterqc, fastp, fastqc, pychopper, pycoqc, minionqc, multivcfanalyzer, clusterflow, checkqc, bcl2fastq, bclconvert, interop, ivar, flash, seqyclean, optitype, whatshap
[2024-07-16 19:33:33,418] multiqc                                            [DEBUG  ]  Using temporary directory for creating report: /tmp/tmpgrunbrqk
[2024-07-16 19:33:33,659] multiqc                                            [INFO   ]  Search path : /archive/carpenterlab/pire/pire_stethojulis_interrupta_lcwgs/1st_sequencing_run/fq_fp1_clmp_fp2_fqscrn
[2024-07-16 19:35:57,528] multiqc                                            [DEBUG  ]  Summary of files that were skipped by the search: [skipped_module_specific_max_filesize: 2346] // [skipped_no_match: 721] // [skipped_ignore_pattern: 360]
[2024-07-16 19:35:59,076] multiqc.plots.bargraph                             [DEBUG  ]  Using matplotlib version 3.1.2
[2024-07-16 19:35:59,078] multiqc.plots.linegraph                            [DEBUG  ]  Using matplotlib version 3.1.2
[2024-07-16 19:35:59,080] multiqc                                            [DEBUG  ]  No samples found: custom_content
[2024-07-16 19:36:01,654] multiqc.modules.fastq_screen.fastq_screen          [INFO   ]  Found 180 reports
[2024-07-16 19:36:29,515] multiqc                                            [INFO   ]  Compressing plot data
[2024-07-16 19:36:29,561] multiqc                                            [INFO   ]  Report      : fq_fp1_clmp_fp2_fqscrn/fastq_screen_report.html
[2024-07-16 19:36:29,561] multiqc                                            [INFO   ]  Data        : fq_fp1_clmp_fp2_fqscrn/fastq_screen_report_data
[2024-07-16 19:36:29,561] multiqc                                            [DEBUG  ]  Moving data file from '/tmp/tmpgrunbrqk/multiqc_data' to 'fq_fp1_clmp_fp2_fqscrn/fastq_screen_report_data'
[2024-07-16 19:36:29,667] multiqc                                            [INFO   ]  Plots       : fq_fp1_clmp_fp2_fqscrn/fastq_screen_report_plots
[2024-07-16 19:36:29,667] multiqc                                            [DEBUG  ]  Moving plots directory from '/tmp/tmpgrunbrqk/multiqc_plots' to 'fq_fp1_clmp_fp2_fqscrn/fastq_screen_report_plots'
[2024-07-16 19:36:31,936] multiqc                                            [INFO   ]  MultiQC complete
