Looking to launch executable "/opt/conda/bin/bwa-meme_mode3.avx512bw", simd = _mode3.avx512bw
Launching executable "/opt/conda/bin/bwa-meme_mode3.avx512bw"
-----------------------------
Executing in AVX512 mode!!
-----------------------------
* SA compression enabled with xfactor: 8
* Ref file: reference.denovoSSL.Sin.fasta
* Entering FMI_search
Reading other elements of the index from files reference.denovoSSL.Sin.fasta
* Index prefix: reference.denovoSSL.Sin.fasta
* Read 0 ALT contigs
* Reading reference genome..
* Binary seq file = reference.denovoSSL.Sin.fasta.0123
* Reference genome size: 2712659340 bp
* Done reading reference genome !!

------------------------------------------
1. Memory pre-allocation for Chaining: 5679.4903 MB
2. Memory pre-allocation for BSW: 9584.6810 MB
[M::memoryAllocLearned::MEME] Reading Learned-index models into memory
[Learned-Config] MODE:3 SEARCH_METHOD: 1 MEM_TRADEOFF:1 EXPONENTIAL_SMEMSEARCH: 1 DEBUG_MODE:0 Num 2nd Models:268435456 PWL Bits Used:28
[M::memoryAllocLearned::MEME] Loading RMI model and Pac reference file took 18.933 sec
[M::memoryAllocLearned::MEME] Reading suffix array into memory
[M::memoryAllocLearned::MEME] Loading pos_packed file took 26.226 sec
[M::memoryAllocLearned::MEME] Generating SA, 64-bit Suffix and ISA in memory
[M::memoryAllocLearned::MEME] Runtime-build-index took 32.352 sec
3. Memory pre-allocation for BWT: 14206.6874 MB
------------------------------------------
* Threads used (compute): 40
* No. of pipeline threads: 2

[0000] read_chunk: 400000000, work_chunk_size: 400000111, nseq: 4799682
	[0000][ M::kt_pipeline] read 4799682 sequences (400000111 bp)...
[0000] Reallocating initial memory allocations!!
[0000] Calling mem_process_seqs.., task: 0
[0000] 1. Calling kt_for - worker_bwt
[0000] read_chunk: 400000000, work_chunk_size: 400000054, nseq: 4741772
	[0000][ M::kt_pipeline] read 4741772 sequences (400000054 bp)...
[0000] 2. Calling kt_for - worker_aln
[0000] Inferring insert size distribution of PE reads from data, l_pac: 1356329670, n: 4799682
[0000][PE] # candidate unique pairs for (FF, FR, RF, RR): (145, 1168943, 3, 159)
[0000][PE] analyzing insert size distribution for orientation FF...
[0000][PE] (25, 50, 75) percentile: (26, 36, 48)
[0000][PE] low and high boundaries for computing mean and std.dev: (1, 92)
[0000][PE] mean and std.dev: (37.69, 17.73)
[0000][PE] low and high boundaries for proper pairs: (1, 114)
[0000][PE] analyzing insert size distribution for orientation FR...
[0000][PE] (25, 50, 75) percentile: (63, 77, 95)
[0000][PE] low and high boundaries for computing mean and std.dev: (1, 159)
[0000][PE] mean and std.dev: (79.49, 24.07)
[0000][PE] low and high boundaries for proper pairs: (1, 191)
[0000][PE] skip orientation RF as there are not enough pairs
[0000][PE] analyzing insert size distribution for orientation RR...
[0000][PE] (25, 50, 75) percentile: (28, 37, 53)
[0000][PE] low and high boundaries for computing mean and std.dev: (1, 103)
[0000][PE] mean and std.dev: (40.72, 18.39)
[0000][PE] low and high boundaries for proper pairs: (1, 128)
[0000][PE] skip orientation FF
[0000][PE] skip orientation RR
[0000] 3. Calling kt_for - worker_sam
	[0000][ M::mem_process_seqs] Processed 4799682 reads in 1229.255 CPU sec, 31.709 real sec
[0000] Calling mem_process_seqs.., task: 1
[0000] 1. Calling kt_for - worker_bwt
[0000] 2. Calling kt_for - worker_aln
[0000] read_chunk: 400000000, work_chunk_size: 196956368, nseq: 2350362
	[0000][ M::kt_pipeline] read 2350362 sequences (196956368 bp)...
[0000] Inferring insert size distribution of PE reads from data, l_pac: 1356329670, n: 4741772
[0000][PE] # candidate unique pairs for (FF, FR, RF, RR): (162, 1084385, 11, 144)
[0000][PE] analyzing insert size distribution for orientation FF...
[0000][PE] (25, 50, 75) percentile: (26, 34, 47)
[0000][PE] low and high boundaries for computing mean and std.dev: (1, 89)
[0000][PE] mean and std.dev: (36.57, 18.13)
[0000][PE] low and high boundaries for proper pairs: (1, 110)
[0000][PE] analyzing insert size distribution for orientation FR...
[0000][PE] (25, 50, 75) percentile: (63, 77, 94)
[0000][PE] low and high boundaries for computing mean and std.dev: (1, 156)
[0000][PE] mean and std.dev: (79.32, 23.82)
[0000][PE] low and high boundaries for proper pairs: (1, 187)
[0000][PE] analyzing insert size distribution for orientation RF...
[0000][PE] (25, 50, 75) percentile: (278, 514, 559)
[0000][PE] low and high boundaries for computing mean and std.dev: (1, 1121)
[0000][PE] mean and std.dev: (378.30, 207.05)
[0000][PE] low and high boundaries for proper pairs: (1, 1402)
[0000][PE] analyzing insert size distribution for orientation RR...
[0000][PE] (25, 50, 75) percentile: (26, 36, 51)
[0000][PE] low and high boundaries for computing mean and std.dev: (1, 101)
[0000][PE] mean and std.dev: (38.41, 17.68)
[0000][PE] low and high boundaries for proper pairs: (1, 126)
[0000][PE] skip orientation FF
[0000][PE] skip orientation RF
[0000][PE] skip orientation RR
[0000] 3. Calling kt_for - worker_sam
	[0000][ M::mem_process_seqs] Processed 4741772 reads in 1346.091 CPU sec, 35.526 real sec
[0000] Calling mem_process_seqs.., task: 2
[0000] 1. Calling kt_for - worker_bwt
[0000] 2. Calling kt_for - worker_aln
[0000] read_chunk: 400000000, work_chunk_size: 0, nseq: 0
[0000] Inferring insert size distribution of PE reads from data, l_pac: 1356329670, n: 2350362
[0000][PE] # candidate unique pairs for (FF, FR, RF, RR): (66, 540318, 4, 78)
[0000][PE] analyzing insert size distribution for orientation FF...
[0000][PE] (25, 50, 75) percentile: (23, 34, 46)
[0000][PE] low and high boundaries for computing mean and std.dev: (1, 92)
[0000][PE] mean and std.dev: (33.64, 18.08)
[0000][PE] low and high boundaries for proper pairs: (1, 115)
[0000][PE] analyzing insert size distribution for orientation FR...
[0000][PE] (25, 50, 75) percentile: (63, 77, 94)
[0000][PE] low and high boundaries for computing mean and std.dev: (1, 156)
[0000][PE] mean and std.dev: (79.31, 23.87)
[0000][PE] low and high boundaries for proper pairs: (1, 187)
[0000][PE] skip orientation RF as there are not enough pairs
[0000][PE] analyzing insert size distribution for orientation RR...
[0000][PE] (25, 50, 75) percentile: (25, 33, 41)
[0000][PE] low and high boundaries for computing mean and std.dev: (1, 73)
[0000][PE] mean and std.dev: (33.40, 13.22)
[0000][PE] low and high boundaries for proper pairs: (1, 89)
[0000][PE] skip orientation FF
[0000][PE] skip orientation RR
[0000] 3. Calling kt_for - worker_sam
	[0000][ M::mem_process_seqs] Processed 2350362 reads in 656.032 CPU sec, 18.116 real sec
[0000] read_chunk: 400000000, work_chunk_size: 0, nseq: 0
[0000] Computation ends..
No. of OMP threads: 40
Processor is running @2394.746222 MHz
Runtime profile:

	Time taken for main_mem function: 168.82 sec

	IO times (sec) :
	Reading IO time (reads) avg: 29.00, (29.00, 29.00)
	Writing IO time (SAM) avg: 22.94, (22.94, 22.94)
	Reading IO time (Reference Genome) avg: 2.35, (2.35, 2.35)
	Index read time avg: 2.62, (2.62, 2.62)

	Overall time (sec) (Excluding Index reading time):
	PROCESS() (Total compute time + (read + SAM) IO time) : 161.90
	MEM_PROCESS_SEQ() (Total compute time (Kernel + SAM)), avg: 85.34, (85.34, 85.34)

	 SAM Processing time (sec):
	--WORKER_SAM avg: 18.47, (18.47, 18.47)

	Kernels' compute time (sec):
	Total kernel (smem+sal+bsw) time avg: 65.79, (65.79, 65.79)
		MEM_ALN_CHAIN_FLT avg: 0.00, (0.00, 0.00)
		MEM_ALN_CHAIN_SEED avg: 0.00, (0.00, 0.00)
		ERT_SEED_CHAIN avg: 0.00, (0.00, 0.00)
	LEARNED_SEED_CHAIN avg: 27.67, (27.79, 27.59)
		SMEM compute avg: 0.00, (0.00, 0.00)
		SAL compute avg: 0.00, (0.00, 0.00)
				MEM_SA avg: 0.00, (0.00, 0.00)

		BSW time, avg: 35.52, (35.75, 35.27)

Important parameter settings: 
	BATCH_SIZE: 512
	MAX_SEQ_LEN_REF: 256
	MAX_SEQ_LEN_QER: 128
	MAX_SEQ_LEN8: 128
	SEEDS_PER_READ: 500
	SIMD_WIDTH8 X: 64
	SIMD_WIDTH16 X: 32
	AVG_SEEDS_PER_READ: 64
