Looking to launch executable "/opt/conda/bin/bwa-meme_mode3.avx512bw", simd = _mode3.avx512bw
Launching executable "/opt/conda/bin/bwa-meme_mode3.avx512bw"
-----------------------------
Executing in AVX512 mode!!
-----------------------------
* SA compression enabled with xfactor: 8
* Ref file: reference.denovoSSL.Sin.fasta
* Entering FMI_search
Reading other elements of the index from files reference.denovoSSL.Sin.fasta
* Index prefix: reference.denovoSSL.Sin.fasta
* Read 0 ALT contigs
* Reading reference genome..
* Binary seq file = reference.denovoSSL.Sin.fasta.0123
* Reference genome size: 2712659340 bp
* Done reading reference genome !!

------------------------------------------
1. Memory pre-allocation for Chaining: 5679.4903 MB
2. Memory pre-allocation for BSW: 9584.6810 MB
[M::memoryAllocLearned::MEME] Reading Learned-index models into memory
[Learned-Config] MODE:3 SEARCH_METHOD: 1 MEM_TRADEOFF:1 EXPONENTIAL_SMEMSEARCH: 1 DEBUG_MODE:0 Num 2nd Models:268435456 PWL Bits Used:28
[M::memoryAllocLearned::MEME] Loading RMI model and Pac reference file took 18.580 sec
[M::memoryAllocLearned::MEME] Reading suffix array into memory
[M::memoryAllocLearned::MEME] Loading pos_packed file took 28.597 sec
[M::memoryAllocLearned::MEME] Generating SA, 64-bit Suffix and ISA in memory
[M::memoryAllocLearned::MEME] Runtime-build-index took 30.193 sec
3. Memory pre-allocation for BWT: 14206.6874 MB
------------------------------------------
* Threads used (compute): 40
* No. of pipeline threads: 2

[0000] read_chunk: 400000000, work_chunk_size: 400000015, nseq: 5066234
	[0000][ M::kt_pipeline] read 5066234 sequences (400000015 bp)...
[0000] Reallocating initial memory allocations!!
[0000] Calling mem_process_seqs.., task: 0
[0000] 1. Calling kt_for - worker_bwt
[0000] 2. Calling kt_for - worker_aln
[0000] read_chunk: 400000000, work_chunk_size: 400000175, nseq: 5022096
	[0000][ M::kt_pipeline] read 5022096 sequences (400000175 bp)...
[0000] Inferring insert size distribution of PE reads from data, l_pac: 1356329670, n: 5066234
[0000][PE] # candidate unique pairs for (FF, FR, RF, RR): (92, 1381561, 13, 105)
[0000][PE] analyzing insert size distribution for orientation FF...
[0000][PE] (25, 50, 75) percentile: (25, 32, 40)
[0000][PE] low and high boundaries for computing mean and std.dev: (1, 70)
[0000][PE] mean and std.dev: (32.62, 13.95)
[0000][PE] low and high boundaries for proper pairs: (1, 88)
[0000][PE] analyzing insert size distribution for orientation FR...
[0000][PE] (25, 50, 75) percentile: (60, 74, 91)
[0000][PE] low and high boundaries for computing mean and std.dev: (1, 153)
[0000][PE] mean and std.dev: (76.07, 23.16)
[0000][PE] low and high boundaries for proper pairs: (1, 184)
[0000][PE] analyzing insert size distribution for orientation RF...
[0000][PE] (25, 50, 75) percentile: (75, 237, 504)
[0000][PE] low and high boundaries for computing mean and std.dev: (1, 1362)
[0000][PE] mean and std.dev: (262.83, 294.65)
[0000][PE] low and high boundaries for proper pairs: (1, 1791)
[0000][PE] analyzing insert size distribution for orientation RR...
[0000][PE] (25, 50, 75) percentile: (25, 32, 49)
[0000][PE] low and high boundaries for computing mean and std.dev: (1, 97)
[0000][PE] mean and std.dev: (37.03, 17.94)
[0000][PE] low and high boundaries for proper pairs: (1, 121)
[0000][PE] skip orientation FF
[0000][PE] skip orientation RF
[0000][PE] skip orientation RR
[0000] 3. Calling kt_for - worker_sam
	[0000][ M::mem_process_seqs] Processed 5066234 reads in 930.100 CPU sec, 24.200 real sec
[0000] Calling mem_process_seqs.., task: 1
[0000] 1. Calling kt_for - worker_bwt
[0000] 2. Calling kt_for - worker_aln
[0000] Inferring insert size distribution of PE reads from data, l_pac: 1356329670, n: 5022096
[0000][PE] # candidate unique pairs for (FF, FR, RF, RR): (89, 1324086, 11, 94)
[0000][PE] analyzing insert size distribution for orientation FF...
[0000][PE] (25, 50, 75) percentile: (22, 29, 46)
[0000][PE] low and high boundaries for computing mean and std.dev: (1, 94)
[0000][PE] mean and std.dev: (34.06, 17.41)
[0000][PE] low and high boundaries for proper pairs: (1, 118)
[0000][PE] analyzing insert size distribution for orientation FR...
[0000][PE] (25, 50, 75) percentile: (60, 74, 91)
[0000][PE] low and high boundaries for computing mean and std.dev: (1, 153)
[0000][PE] mean and std.dev: (76.07, 23.15)
[0000][PE] low and high boundaries for proper pairs: (1, 184)
[0000][PE] analyzing insert size distribution for orientation RF...
[0000][PE] (25, 50, 75) percentile: (42, 92, 624)
[0000][PE] low and high boundaries for computing mean and std.dev: (1, 1788)
[0000][PE] mean and std.dev: (358.00, 470.50)
[0000][PE] low and high boundaries for proper pairs: (1, 2370)
[0000][PE] analyzing insert size distribution for orientation RR...
[0000][PE] (25, 50, 75) percentile: (23, 32, 46)
[0000][PE] low and high boundaries for computing mean and std.dev: (1, 92)
[0000][PE] mean and std.dev: (35.61, 17.86)
[0000][PE] low and high boundaries for proper pairs: (1, 115)
[0000][PE] skip orientation FF
[0000][PE] skip orientation RF
[0000][PE] skip orientation RR
[0000] 3. Calling kt_for - worker_sam
[0000] read_chunk: 400000000, work_chunk_size: 400000252, nseq: 5052012
	[0000][ M::kt_pipeline] read 5052012 sequences (400000252 bp)...
	[0000][ M::mem_process_seqs] Processed 5022096 reads in 1009.189 CPU sec, 27.011 real sec
[0000] Calling mem_process_seqs.., task: 2
[0000] 1. Calling kt_for - worker_bwt
[0000] 2. Calling kt_for - worker_aln
[0000] Inferring insert size distribution of PE reads from data, l_pac: 1356329670, n: 5052012
[0000][PE] # candidate unique pairs for (FF, FR, RF, RR): (92, 1349845, 7, 88)
[0000][PE] analyzing insert size distribution for orientation FF...
[0000][PE] (25, 50, 75) percentile: (20, 28, 45)
[0000][PE] low and high boundaries for computing mean and std.dev: (1, 95)
[0000][PE] mean and std.dev: (32.11, 17.79)
[0000][PE] low and high boundaries for proper pairs: (1, 120)
[0000][PE] analyzing insert size distribution for orientation FR...
[0000] read_chunk: 400000000, work_chunk_size: 400000104, nseq: 4938768
[0000][PE] (25, 50, 75) percentile: (60, 74, 91)
[0000][PE] low and high boundaries for computing mean and std.dev: (1, 153)
[0000][PE] mean and std.dev: (76.05, 23.16)
[0000][PE] low and high boundaries for proper pairs: (1, 184)
[0000][PE] skip orientation RF as there are not enough pairs
[0000][PE] analyzing insert size distribution for orientation RR...
[0000][PE] (25, 50, 75) percentile: (22, 34, 47)
[0000][PE] low and high boundaries for computing mean and std.dev: (1, 97)
[0000][PE] mean and std.dev: (35.53, 18.97)
[0000][PE] low and high boundaries for proper pairs: (1, 122)
[0000][PE] skip orientation FF
[0000][PE] skip orientation RR
[0000] 3. Calling kt_for - worker_sam
	[0000][ M::kt_pipeline] read 4938768 sequences (400000104 bp)...
	[0000][ M::mem_process_seqs] Processed 5052012 reads in 978.362 CPU sec, 25.981 real sec
[0000] Calling mem_process_seqs.., task: 3
[0000] 1. Calling kt_for - worker_bwt
[0000] 2. Calling kt_for - worker_aln
[0000] read_chunk: 400000000, work_chunk_size: 400000044, nseq: 5059882
	[0000][ M::kt_pipeline] read 5059882 sequences (400000044 bp)...
[0000] Inferring insert size distribution of PE reads from data, l_pac: 1356329670, n: 4938768
[0000][PE] # candidate unique pairs for (FF, FR, RF, RR): (84, 1195977, 7, 68)
[0000][PE] analyzing insert size distribution for orientation FF...
[0000][PE] (25, 50, 75) percentile: (19, 26, 41)
[0000][PE] low and high boundaries for computing mean and std.dev: (1, 85)
[0000][PE] mean and std.dev: (30.71, 17.36)
[0000][PE] low and high boundaries for proper pairs: (1, 107)
[0000][PE] analyzing insert size distribution for orientation FR...
[0000][PE] (25, 50, 75) percentile: (60, 74, 91)
[0000][PE] low and high boundaries for computing mean and std.dev: (1, 153)
[0000][PE] mean and std.dev: (76.16, 23.18)
[0000][PE] low and high boundaries for proper pairs: (1, 184)
[0000][PE] skip orientation RF as there are not enough pairs
[0000][PE] analyzing insert size distribution for orientation RR...
[0000][PE] (25, 50, 75) percentile: (24, 32, 43)
[0000][PE] low and high boundaries for computing mean and std.dev: (1, 81)
[0000][PE] mean and std.dev: (33.40, 14.19)
[0000][PE] low and high boundaries for proper pairs: (1, 100)
[0000][PE] skip orientation FF
[0000][PE] skip orientation RR
[0000] 3. Calling kt_for - worker_sam
	[0000][ M::mem_process_seqs] Processed 4938768 reads in 1167.912 CPU sec, 30.991 real sec
[0000] Calling mem_process_seqs.., task: 4
[0000] 1. Calling kt_for - worker_bwt
[0000] 2. Calling kt_for - worker_aln
[0000] Inferring insert size distribution of PE reads from data, l_pac: 1356329670, n: 5059882
[0000][PE] # candidate unique pairs for (FF, FR, RF, RR): (79, 1367987, 16, 87)
[0000][PE] analyzing insert size distribution for orientation FF...
[0000][PE] (25, 50, 75) percentile: (24, 31, 43)
[0000][PE] low and high boundaries for computing mean and std.dev: (1, 81)
[0000][PE] mean and std.dev: (33.17, 16.19)
[0000][PE] low and high boundaries for proper pairs: (1, 100)
[0000][PE] analyzing insert size distribution for orientation FR...
[0000][PE] (25, 50, 75) percentile: (60, 74, 91)
[0000][PE] low and high boundaries for computing mean and std.dev: (1, 153)
[0000][PE] mean and std.dev: (76.13, 23.18)
[0000][PE] low and high boundaries for proper pairs: (1, 184)
[0000][PE] analyzing insert size distribution for orientation RF...
[0000][PE] (25, 50, 75) percentile: (58, 269, 512)
[0000][PE] low and high boundaries for computing mean and std.dev: (1, 1420)
[0000][PE] mean and std.dev: (295.53, 317.06)
[0000][PE] low and high boundaries for proper pairs: (1, 1874)
[0000][PE] analyzing insert size distribution for orientation RR...
[0000][PE] (25, 50, 75) percentile: (25, 31, 52)
[0000][PE] low and high boundaries for computing mean and std.dev: (1, 106)
[0000][PE] mean and std.dev: (37.46, 20.27)
[0000][PE] low and high boundaries for proper pairs: (1, 133)
[0000][PE] skip orientation FF
[0000][PE] skip orientation RF
[0000][PE] skip orientation RR
[0000] 3. Calling kt_for - worker_sam
[0000] read_chunk: 400000000, work_chunk_size: 400000106, nseq: 4992622
	[0000][ M::kt_pipeline] read 4992622 sequences (400000106 bp)...
	[0000][ M::mem_process_seqs] Processed 5059882 reads in 957.153 CPU sec, 25.677 real sec
[0000] Calling mem_process_seqs.., task: 5
[0000] 1. Calling kt_for - worker_bwt
[0000] 2. Calling kt_for - worker_aln
[0000] read_chunk: 400000000, work_chunk_size: 375406012, nseq: 4708710
	[0000][ M::kt_pipeline] read 4708710 sequences (375406012 bp)...
[0000] Inferring insert size distribution of PE reads from data, l_pac: 1356329670, n: 4992622
[0000][PE] # candidate unique pairs for (FF, FR, RF, RR): (77, 1284026, 0, 67)
[0000][PE] analyzing insert size distribution for orientation FF...
[0000][PE] (25, 50, 75) percentile: (21, 33, 44)
[0000][PE] low and high boundaries for computing mean and std.dev: (1, 90)
[0000][PE] mean and std.dev: (32.89, 17.40)
[0000][PE] low and high boundaries for proper pairs: (1, 113)
[0000][PE] analyzing insert size distribution for orientation FR...
[0000][PE] (25, 50, 75) percentile: (60, 74, 91)
[0000][PE] low and high boundaries for computing mean and std.dev: (1, 153)
[0000][PE] mean and std.dev: (76.10, 23.16)
[0000][PE] low and high boundaries for proper pairs: (1, 184)
[0000][PE] skip orientation RF as there are not enough pairs
[0000][PE] analyzing insert size distribution for orientation RR...
[0000][PE] (25, 50, 75) percentile: (23, 32, 49)
[0000][PE] low and high boundaries for computing mean and std.dev: (1, 101)
[0000][PE] mean and std.dev: (35.24, 17.71)
[0000][PE] low and high boundaries for proper pairs: (1, 127)
[0000][PE] skip orientation FF
[0000][PE] skip orientation RR
[0000] 3. Calling kt_for - worker_sam
	[0000][ M::mem_process_seqs] Processed 4992622 reads in 1073.297 CPU sec, 28.739 real sec
[0000] Calling mem_process_seqs.., task: 6
[0000] 1. Calling kt_for - worker_bwt
[0000] read_chunk: 400000000, work_chunk_size: 0, nseq: 0
[0000] 2. Calling kt_for - worker_aln
[0000] Inferring insert size distribution of PE reads from data, l_pac: 1356329670, n: 4708710
[0000][PE] # candidate unique pairs for (FF, FR, RF, RR): (88, 1199170, 13, 75)
[0000][PE] analyzing insert size distribution for orientation FF...
[0000][PE] (25, 50, 75) percentile: (21, 30, 41)
[0000][PE] low and high boundaries for computing mean and std.dev: (1, 81)
[0000][PE] mean and std.dev: (31.70, 16.02)
[0000][PE] low and high boundaries for proper pairs: (1, 101)
[0000][PE] analyzing insert size distribution for orientation FR...
[0000][PE] (25, 50, 75) percentile: (60, 74, 91)
[0000][PE] low and high boundaries for computing mean and std.dev: (1, 153)
[0000][PE] mean and std.dev: (76.08, 23.16)
[0000][PE] low and high boundaries for proper pairs: (1, 184)
[0000][PE] analyzing insert size distribution for orientation RF...
[0000][PE] (25, 50, 75) percentile: (56, 178, 336)
[0000][PE] low and high boundaries for computing mean and std.dev: (1, 896)
[0000][PE] mean and std.dev: (238.00, 247.14)
[0000][PE] low and high boundaries for proper pairs: (1, 1227)
[0000][PE] analyzing insert size distribution for orientation RR...
[0000][PE] (25, 50, 75) percentile: (23, 30, 40)
[0000][PE] low and high boundaries for computing mean and std.dev: (1, 74)
[0000][PE] mean and std.dev: (31.09, 14.80)
[0000][PE] low and high boundaries for proper pairs: (1, 91)
[0000][PE] skip orientation FF
[0000][PE] skip orientation RF
[0000][PE] skip orientation RR
[0000] 3. Calling kt_for - worker_sam
	[0000][ M::mem_process_seqs] Processed 4708710 reads in 997.565 CPU sec, 27.025 real sec
[0000] read_chunk: 400000000, work_chunk_size: 0, nseq: 0
[0000] Computation ends..
No. of OMP threads: 40
Processor is running @2394.732952 MHz
Runtime profile:

	Time taken for main_mem function: 277.29 sec

	IO times (sec) :
	Reading IO time (reads) avg: 85.65, (85.65, 85.65)
	Writing IO time (SAM) avg: 53.11, (53.11, 53.11)
	Reading IO time (Reference Genome) avg: 1.83, (1.83, 1.83)
	Index read time avg: 1.87, (1.87, 1.87)

	Overall time (sec) (Excluding Index reading time):
	PROCESS() (Total compute time + (read + SAM) IO time) : 271.63
	MEM_PROCESS_SEQ() (Total compute time (Kernel + SAM)), avg: 189.60, (189.60, 189.60)

	 SAM Processing time (sec):
	--WORKER_SAM avg: 40.64, (40.64, 40.64)

	Kernels' compute time (sec):
	Total kernel (smem+sal+bsw) time avg: 145.74, (145.74, 145.74)
		MEM_ALN_CHAIN_FLT avg: 0.00, (0.00, 0.00)
		MEM_ALN_CHAIN_SEED avg: 0.00, (0.00, 0.00)
		ERT_SEED_CHAIN avg: 0.00, (0.00, 0.00)
	LEARNED_SEED_CHAIN avg: 66.31, (66.62, 66.08)
		SMEM compute avg: 0.00, (0.00, 0.00)
		SAL compute avg: 0.00, (0.00, 0.00)
				MEM_SA avg: 0.00, (0.00, 0.00)

		BSW time, avg: 73.23, (73.59, 72.97)

Important parameter settings: 
	BATCH_SIZE: 512
	MAX_SEQ_LEN_REF: 256
	MAX_SEQ_LEN_QER: 128
	MAX_SEQ_LEN8: 128
	SEEDS_PER_READ: 500
	SIMD_WIDTH8 X: 64
	SIMD_WIDTH16 X: 32
	AVG_SEEDS_PER_READ: 64
