Looking to launch executable "/opt/conda/bin/bwa-meme_mode3.avx512bw", simd = _mode3.avx512bw
Launching executable "/opt/conda/bin/bwa-meme_mode3.avx512bw"
-----------------------------
Executing in AVX512 mode!!
-----------------------------
* SA compression enabled with xfactor: 8
* Ref file: reference.denovoSSL.Sin.fasta
* Entering FMI_search
Reading other elements of the index from files reference.denovoSSL.Sin.fasta
* Index prefix: reference.denovoSSL.Sin.fasta
* Read 0 ALT contigs
* Reading reference genome..
* Binary seq file = reference.denovoSSL.Sin.fasta.0123
* Reference genome size: 2712659340 bp
* Done reading reference genome !!

------------------------------------------
1. Memory pre-allocation for Chaining: 5679.4903 MB
2. Memory pre-allocation for BSW: 9584.6810 MB
[M::memoryAllocLearned::MEME] Reading Learned-index models into memory
[Learned-Config] MODE:3 SEARCH_METHOD: 1 MEM_TRADEOFF:1 EXPONENTIAL_SMEMSEARCH: 1 DEBUG_MODE:0 Num 2nd Models:268435456 PWL Bits Used:28
[M::memoryAllocLearned::MEME] Loading RMI model and Pac reference file took 18.942 sec
[M::memoryAllocLearned::MEME] Reading suffix array into memory
[M::memoryAllocLearned::MEME] Loading pos_packed file took 28.904 sec
[M::memoryAllocLearned::MEME] Generating SA, 64-bit Suffix and ISA in memory
[M::memoryAllocLearned::MEME] Runtime-build-index took 30.819 sec
3. Memory pre-allocation for BWT: 14206.6874 MB
------------------------------------------
* Threads used (compute): 40
* No. of pipeline threads: 2

[0000] read_chunk: 400000000, work_chunk_size: 400000095, nseq: 5034014
	[0000][ M::kt_pipeline] read 5034014 sequences (400000095 bp)...
[0000] Reallocating initial memory allocations!!
[0000] Calling mem_process_seqs.., task: 0
[0000] 1. Calling kt_for - worker_bwt
[0000] read_chunk: 400000000, work_chunk_size: 400000013, nseq: 5085048
	[0000][ M::kt_pipeline] read 5085048 sequences (400000013 bp)...
[0000] 2. Calling kt_for - worker_aln
[0000] Inferring insert size distribution of PE reads from data, l_pac: 1356329670, n: 5034014
[0000][PE] # candidate unique pairs for (FF, FR, RF, RR): (224, 973924, 4, 244)
[0000][PE] analyzing insert size distribution for orientation FF...
[0000][PE] (25, 50, 75) percentile: (25, 34, 46)
[0000][PE] low and high boundaries for computing mean and std.dev: (1, 88)
[0000][PE] mean and std.dev: (35.53, 17.11)
[0000][PE] low and high boundaries for proper pairs: (1, 109)
[0000][PE] analyzing insert size distribution for orientation FR...
[0000][PE] (25, 50, 75) percentile: (56, 69, 85)
[0000][PE] low and high boundaries for computing mean and std.dev: (1, 143)
[0000][PE] mean and std.dev: (71.61, 21.73)
[0000][PE] low and high boundaries for proper pairs: (1, 172)
[0000][PE] skip orientation RF as there are not enough pairs
[0000][PE] analyzing insert size distribution for orientation RR...
[0000][PE] (25, 50, 75) percentile: (27, 34, 49)
[0000][PE] low and high boundaries for computing mean and std.dev: (1, 93)
[0000][PE] mean and std.dev: (37.74, 16.97)
[0000][PE] low and high boundaries for proper pairs: (1, 115)
[0000][PE] skip orientation FF
[0000][PE] skip orientation RR
[0000] 3. Calling kt_for - worker_sam
	[0000][ M::mem_process_seqs] Processed 5034014 reads in 1815.118 CPU sec, 46.677 real sec
[0000] Reallocating initial memory allocations!!
[0000] Calling mem_process_seqs.., task: 1
[0000] 1. Calling kt_for - worker_bwt
[0000] 2. Calling kt_for - worker_aln
[0000] read_chunk: 400000000, work_chunk_size: 400000118, nseq: 4831690
	[0000][ M::kt_pipeline] read 4831690 sequences (400000118 bp)...
[0000] Inferring insert size distribution of PE reads from data, l_pac: 1356329670, n: 5085048
[0000][PE] # candidate unique pairs for (FF, FR, RF, RR): (238, 986457, 8, 260)
[0000][PE] analyzing insert size distribution for orientation FF...
[0000][PE] (25, 50, 75) percentile: (26, 37, 50)
[0000][PE] low and high boundaries for computing mean and std.dev: (1, 98)
[0000][PE] mean and std.dev: (39.89, 19.14)
[0000][PE] low and high boundaries for proper pairs: (1, 122)
[0000][PE] analyzing insert size distribution for orientation FR...
[0000][PE] (25, 50, 75) percentile: (56, 69, 85)
[0000][PE] low and high boundaries for computing mean and std.dev: (1, 143)
[0000][PE] mean and std.dev: (71.61, 21.73)
[0000][PE] low and high boundaries for proper pairs: (1, 172)
[0000][PE] skip orientation RF as there are not enough pairs
[0000][PE] analyzing insert size distribution for orientation RR...
[0000][PE] (25, 50, 75) percentile: (26, 33, 49)
[0000][PE] low and high boundaries for computing mean and std.dev: (1, 95)
[0000][PE] mean and std.dev: (37.28, 18.08)
[0000][PE] low and high boundaries for proper pairs: (1, 118)
[0000][PE] skip orientation FF
[0000][PE] skip orientation RR
[0000] 3. Calling kt_for - worker_sam
	[0000][ M::mem_process_seqs] Processed 5085048 reads in 1827.277 CPU sec, 47.643 real sec
[0000] Calling mem_process_seqs.., task: 2
[0000] 1. Calling kt_for - worker_bwt
[0000] 2. Calling kt_for - worker_aln
[0000] read_chunk: 400000000, work_chunk_size: 400000065, nseq: 4994196
	[0000][ M::kt_pipeline] read 4994196 sequences (400000065 bp)...
[0000] Inferring insert size distribution of PE reads from data, l_pac: 1356329670, n: 4831690
[0000][PE] # candidate unique pairs for (FF, FR, RF, RR): (173, 747526, 1, 207)
[0000][PE] analyzing insert size distribution for orientation FF...
[0000][PE] (25, 50, 75) percentile: (25, 34, 49)
[0000][PE] low and high boundaries for computing mean and std.dev: (1, 97)
[0000][PE] mean and std.dev: (36.90, 17.37)
[0000][PE] low and high boundaries for proper pairs: (1, 121)
[0000][PE] analyzing insert size distribution for orientation FR...
[0000][PE] (25, 50, 75) percentile: (56, 70, 85)
[0000][PE] low and high boundaries for computing mean and std.dev: (1, 143)
[0000][PE] mean and std.dev: (71.77, 21.75)
[0000][PE] low and high boundaries for proper pairs: (1, 172)
[0000][PE] skip orientation RF as there are not enough pairs
[0000][PE] analyzing insert size distribution for orientation RR...
[0000][PE] (25, 50, 75) percentile: (26, 35, 45)
[0000][PE] low and high boundaries for computing mean and std.dev: (1, 83)
[0000][PE] mean and std.dev: (35.65, 14.47)
[0000][PE] low and high boundaries for proper pairs: (1, 102)
[0000][PE] skip orientation FF
[0000][PE] skip orientation RR
[0000] 3. Calling kt_for - worker_sam
	[0000][ M::mem_process_seqs] Processed 4831690 reads in 2019.207 CPU sec, 56.602 real sec
[0000] Calling mem_process_seqs.., task: 3
[0000] 1. Calling kt_for - worker_bwt
[0000] 2. Calling kt_for - worker_aln
[0000] read_chunk: 400000000, work_chunk_size: 339552982, nseq: 4215902
	[0000][ M::kt_pipeline] read 4215902 sequences (339552982 bp)...
[0000] Inferring insert size distribution of PE reads from data, l_pac: 1356329670, n: 4994196
[0000][PE] # candidate unique pairs for (FF, FR, RF, RR): (234, 915259, 7, 208)
[0000][PE] analyzing insert size distribution for orientation FF...
[0000][PE] (25, 50, 75) percentile: (25, 34, 49)
[0000][PE] low and high boundaries for computing mean and std.dev: (1, 97)
[0000][PE] mean and std.dev: (36.90, 18.80)
[0000][PE] low and high boundaries for proper pairs: (1, 121)
[0000][PE] analyzing insert size distribution for orientation FR...
[0000][PE] (25, 50, 75) percentile: (56, 69, 85)
[0000][PE] low and high boundaries for computing mean and std.dev: (1, 143)
[0000][PE] mean and std.dev: (71.61, 21.72)
[0000][PE] low and high boundaries for proper pairs: (1, 172)
[0000][PE] skip orientation RF as there are not enough pairs
[0000][PE] analyzing insert size distribution for orientation RR...
[0000][PE] (25, 50, 75) percentile: (25, 36, 51)
[0000][PE] low and high boundaries for computing mean and std.dev: (1, 103)
[0000][PE] mean and std.dev: (38.44, 18.18)
[0000][PE] low and high boundaries for proper pairs: (1, 129)
[0000][PE] skip orientation FF
[0000][PE] skip orientation RR
[0000] 3. Calling kt_for - worker_sam
	[0000][ M::mem_process_seqs] Processed 4994196 reads in 1921.740 CPU sec, 51.887 real sec
[0000] Calling mem_process_seqs.., task: 4
[0000] 1. Calling kt_for - worker_bwt
[0000] read_chunk: 400000000, work_chunk_size: 0, nseq: 0
[0000] 2. Calling kt_for - worker_aln
[0000] Inferring insert size distribution of PE reads from data, l_pac: 1356329670, n: 4215902
[0000][PE] # candidate unique pairs for (FF, FR, RF, RR): (144, 721018, 5, 148)
[0000][PE] analyzing insert size distribution for orientation FF...
[0000][PE] (25, 50, 75) percentile: (25, 33, 43)
[0000][PE] low and high boundaries for computing mean and std.dev: (1, 79)
[0000][PE] mean and std.dev: (33.69, 16.37)
[0000][PE] low and high boundaries for proper pairs: (1, 99)
[0000][PE] analyzing insert size distribution for orientation FR...
[0000][PE] (25, 50, 75) percentile: (56, 69, 85)
[0000][PE] low and high boundaries for computing mean and std.dev: (1, 143)
[0000][PE] mean and std.dev: (71.64, 21.72)
[0000][PE] low and high boundaries for proper pairs: (1, 172)
[0000][PE] skip orientation RF as there are not enough pairs
[0000][PE] analyzing insert size distribution for orientation RR...
[0000][PE] (25, 50, 75) percentile: (26, 34, 51)
[0000][PE] low and high boundaries for computing mean and std.dev: (1, 101)
[0000][PE] mean and std.dev: (38.04, 16.82)
[0000][PE] low and high boundaries for proper pairs: (1, 126)
[0000][PE] skip orientation FF
[0000][PE] skip orientation RR
[0000] 3. Calling kt_for - worker_sam
	[0000][ M::mem_process_seqs] Processed 4215902 reads in 1648.573 CPU sec, 44.188 real sec
[0000] read_chunk: 400000000, work_chunk_size: 0, nseq: 0
[0000] Computation ends..
No. of OMP threads: 40
Processor is running @2394.723896 MHz
Runtime profile:

	Time taken for main_mem function: 338.57 sec

	IO times (sec) :
	Reading IO time (reads) avg: 59.50, (59.50, 59.50)
	Writing IO time (SAM) avg: 51.51, (51.51, 51.51)
	Reading IO time (Reference Genome) avg: 1.72, (1.72, 1.72)
	Index read time avg: 1.90, (1.90, 1.90)

	Overall time (sec) (Excluding Index reading time):
	PROCESS() (Total compute time + (read + SAM) IO time) : 333.05
	MEM_PROCESS_SEQ() (Total compute time (Kernel + SAM)), avg: 246.96, (246.96, 246.96)

	 SAM Processing time (sec):
	--WORKER_SAM avg: 47.69, (47.69, 47.69)

	Kernels' compute time (sec):
	Total kernel (smem+sal+bsw) time avg: 197.24, (197.24, 197.24)
		MEM_ALN_CHAIN_FLT avg: 0.00, (0.00, 0.00)
		MEM_ALN_CHAIN_SEED avg: 0.00, (0.00, 0.00)
		ERT_SEED_CHAIN avg: 0.00, (0.00, 0.00)
	LEARNED_SEED_CHAIN avg: 83.83, (84.09, 83.64)
		SMEM compute avg: 0.00, (0.00, 0.00)
		SAL compute avg: 0.00, (0.00, 0.00)
				MEM_SA avg: 0.00, (0.00, 0.00)

		BSW time, avg: 104.44, (105.03, 103.74)

Important parameter settings: 
	BATCH_SIZE: 512
	MAX_SEQ_LEN_REF: 256
	MAX_SEQ_LEN_QER: 128
	MAX_SEQ_LEN8: 128
	SEEDS_PER_READ: 500
	SIMD_WIDTH8 X: 64
	SIMD_WIDTH16 X: 32
	AVG_SEEDS_PER_READ: 64
