[2024-07-14 22:14:41,742] multiqc                                            [DEBUG  ]  This is MultiQC v1.13
[2024-07-14 22:14:41,744] multiqc                                            [DEBUG  ]  Found command line config: {'max_table_rows': 3000}
[2024-07-14 22:14:41,745] multiqc                                            [DEBUG  ]  New config: {'max_table_rows': 3000}
[2024-07-14 22:14:41,745] multiqc                                            [DEBUG  ]  Command used: /opt/conda/bin/multiqc -v -p -ip -f --data-dir --data-format tsv --cl-config max_table_rows: 3000 --filename 1st_fastp_report --outdir fq_fp1 fq_fp1
[2024-07-14 22:14:42,234] multiqc                                            [WARNING]  MultiQC Version v1.23 now available!
[2024-07-14 22:14:42,235] multiqc                                            [DEBUG  ]  Working dir : /archive/carpenterlab/pire/pire_stethojulis_interrupta_lcwgs/1st_sequencing_run
[2024-07-14 22:14:42,235] multiqc                                            [DEBUG  ]  Template    : default
[2024-07-14 22:14:42,235] multiqc                                            [DEBUG  ]  Running Python 3.9.12 (main, Aug 29 2022, 00:54:58)  [GCC 11.2.0]
[2024-07-14 22:14:42,236] multiqc                                            [DEBUG  ]  Analysing modules: custom_content, ccs, ngsderive, purple, conpair, lima, peddy, somalier, methylQA, mosdepth, phantompeakqualtools, qualimap, preseq, quast, qorts, rna_seqc, rockhopper, rsem, rseqc, busco, bustools, goleft_indexcov, gffcompare, disambiguate, supernova, deeptools, sargasso, verifybamid, mirtrace, happy, mirtop, sambamba, homer, hops, macs2, theta2, snpeff, gatk, htseq, bcftools, featureCounts, fgbio, dragen, dedup, pbmarkdup, damageprofiler, biobambam2, jcvi, mtnucratio, picard, vep, sentieon, prokka, qc3C, nanostat, samblaster, samtools, sexdeterrmine, eigenstratdatabasetools, bamtools, jellyfish, vcftools, longranger, stacks, varscan2, snippy, bbmap, bismark, biscuit, hicexplorer, hicup, hicpro, salmon, kallisto, slamdunk, star, hisat2, tophat, bowtie2, bowtie1, snpsplit, odgi, pangolin, kat, leehom, adapterRemoval, clipandmerge, cutadapt, flexbar, kaiju, kraken, malt, trimmomatic, sickle, skewer, sortmerna, biobloomtools, fastq_screen, afterqc, fastp, fastqc, pychopper, pycoqc, minionqc, multivcfanalyzer, clusterflow, checkqc, bcl2fastq, bclconvert, interop, ivar, flash, seqyclean, optitype, whatshap
[2024-07-14 22:14:42,236] multiqc                                            [DEBUG  ]  Using temporary directory for creating report: /tmp/tmp7v5cxbcw
[2024-07-14 22:14:42,470] multiqc                                            [INFO   ]  Search path : /archive/carpenterlab/pire/pire_stethojulis_interrupta_lcwgs/1st_sequencing_run/fq_fp1
[2024-07-14 22:15:06,928] multiqc                                            [DEBUG  ]  Summary of files that were skipped by the search: [skipped_module_specific_max_filesize: 540] // [skipped_no_match: 450] // [skipped_ignore_pattern: 360]
[2024-07-14 22:15:08,055] multiqc.plots.bargraph                             [DEBUG  ]  Using matplotlib version 3.1.2
[2024-07-14 22:15:08,057] multiqc.plots.linegraph                            [DEBUG  ]  Using matplotlib version 3.1.2
[2024-07-14 22:15:08,059] multiqc                                            [DEBUG  ]  No samples found: custom_content
[2024-07-14 22:15:08,368] multiqc.modules.fastp.fastp                        [DEBUG  ]  No insert size plot data: Sin-CPnd_087-Ex1-4B-lcwgs-1-1.fastp.json
[2024-07-14 22:15:08,477] multiqc.modules.fastp.fastp                        [DEBUG  ]  No insert size plot data: Sin-CPnd_091-Ex1-1A-lcwgs-1-1.fastp.json
[2024-07-14 22:15:08,637] multiqc.modules.fastp.fastp                        [DEBUG  ]  No insert size plot data: Sin-CPnd_037-Ex1-4F-lcwgs-1-1.fastp.json
[2024-07-14 22:15:10,477] multiqc.modules.fastp.fastp                        [DEBUG  ]  No insert size plot data: Sin-CPnd_012-Ex1-2G-lcwgs-1-1.fastp.json
[2024-07-14 22:15:10,658] multiqc.modules.fastp.fastp                        [INFO   ]  Found 90 reports
[2024-07-14 22:15:49,983] multiqc                                            [INFO   ]  Compressing plot data
[2024-07-14 22:15:56,976] multiqc                                            [INFO   ]  Report      : fq_fp1/1st_fastp_report.html
[2024-07-14 22:15:56,976] multiqc                                            [INFO   ]  Data        : fq_fp1/1st_fastp_report_data
[2024-07-14 22:15:56,976] multiqc                                            [DEBUG  ]  Moving data file from '/tmp/tmp7v5cxbcw/multiqc_data' to 'fq_fp1/1st_fastp_report_data'
[2024-07-14 22:15:57,228] multiqc                                            [INFO   ]  Plots       : fq_fp1/1st_fastp_report_plots
[2024-07-14 22:15:57,228] multiqc                                            [DEBUG  ]  Moving plots directory from '/tmp/tmp7v5cxbcw/multiqc_plots' to 'fq_fp1/1st_fastp_report_plots'
[2024-07-14 22:15:58,027] multiqc                                            [INFO   ]  MultiQC complete
